<?xml version="1.0" encoding="UTF-8"?>
<!-- Generated by org.testng.reporters.JUnitXMLReporter -->
<testsuite hostname="TYSS-4F-056" ignored="0" name="Test" tests="3" failures="1" timestamp="10 Dec 2018 09:39:24 GMT" time="25.091" errors="0">
  <testcase name="test3" time="0.298" classname="scripts.TestB"/>
  <testcase name="test1" time="0.273" classname="scripts.TestA"/>
  <testcase name="test2" time="0.004" classname="scripts.TestA">
    <failure type="java.lang.AssertionError" message="The following asserts failed:
	null">
      <![CDATA[java.lang.AssertionError: The following asserts failed:
null
at scripts.TestA.test2(TestA.java:27)
... Removed 26 stack frames]]>
    </failure>
  </testcase> <!-- test2 -->
</testsuite> <!-- Test -->
